{"D:/projects/vue-components-ui/packages/components/Button/button.ts": {"path":"D:/projects/vue-components-ui/packages/components/Button/button.ts","statementMap":{"0":{"start":{"line":17,"column":27},"end":{"line":30,"column":null}}},"fnMap":{},"branchMap":{},"s":{"0":1},"f":{},"b":{}}
,"D:/projects/vue-components-ui/packages/components/Button/zButton.vue": {"path":"D:/projects/vue-components-ui/packages/components/Button/zButton.vue","statementMap":{"0":{"start":{"line":31,"column":14},"end":{"line":31,"column":null}},"1":{"start":{"line":32,"column":22},"end":{"line":32,"column":null}},"2":{"start":{"line":32,"column":37},"end":{"line":32,"column":90}},"3":{"start":{"line":33,"column":17},"end":{"line":44,"column":null}},"4":{"start":{"line":34,"column":2},"end":{"line":43,"column":null}},"5":{"start":{"line":35,"column":4},"end":{"line":37,"column":null}},"6":{"start":{"line":38,"column":2},"end":{"line":43,"column":null}},"7":{"start":{"line":40,"column":4},"end":{"line":42,"column":null}},"8":{"start":{"line":46,"column":19},"end":{"line":48,"column":null}},"9":{"start":{"line":47,"column":2},"end":{"line":47,"column":null}},"10":{"start":{"line":50,"column":20},"end":{"line":52,"column":null}},"11":{"start":{"line":51,"column":2},"end":{"line":51,"column":null}},"12":{"start":{"line":15,"column":13},"end":{"line":14,"column":55}}},"fnMap":{"0":{"name":"(anonymous_2)","decl":{"start":{"line":32,"column":31},"end":{"line":32,"column":37}},"loc":{"start":{"line":32,"column":37},"end":{"line":32,"column":90}}},"1":{"name":"(anonymous_3)","decl":{"start":{"line":33,"column":26},"end":{"line":33,"column":32}},"loc":{"start":{"line":33,"column":32},"end":{"line":44,"column":1}}},"2":{"name":"(anonymous_4)","decl":{"start":{"line":46,"column":28},"end":{"line":46,"column":34}},"loc":{"start":{"line":46,"column":34},"end":{"line":48,"column":1}}},"3":{"name":"(anonymous_5)","decl":{"start":{"line":50,"column":29},"end":{"line":50,"column":35}},"loc":{"start":{"line":50,"column":35},"end":{"line":52,"column":1}}},"4":{"name":"(anonymous_7)","decl":{"start":{"line":12,"column":6},"end":{"line":12,"column":null}},"loc":{"start":{"line":15,"column":13},"end":{"line":14,"column":55}}}},"branchMap":{"0":{"loc":{"start":{"line":32,"column":37},"end":{"line":32,"column":90}},"type":"cond-expr","locations":[{"start":{"line":32,"column":57},"end":{"line":32,"column":77}},{"start":{"line":32,"column":77},"end":{"line":32,"column":90}}]},"1":{"loc":{"start":{"line":34,"column":2},"end":{"line":43,"column":null}},"type":"if","locations":[{"start":{"line":34,"column":2},"end":{"line":43,"column":null}},{"start":{"line":38,"column":2},"end":{"line":43,"column":null}}]},"2":{"loc":{"start":{"line":38,"column":2},"end":{"line":43,"column":null}},"type":"if","locations":[{"start":{"line":38,"column":2},"end":{"line":43,"column":null}},{"start":{"line":38,"column":2},"end":{"line":43,"column":null}}]},"3":{"loc":{"start":{"line":10,"column":16},"end":{"line":10,"column":null}},"type":"binary-expr","locations":[{"start":{"line":10,"column":16},"end":{"line":10,"column":33}},{"start":{"line":10,"column":33},"end":{"line":10,"column":null}}]},"4":{"loc":{"start":{"line":13,"column":25},"end":{"line":14,"column":55}},"type":"cond-expr","locations":[{"start":{"line":13,"column":31},"end":{"line":13,"column":72}},{"start":{"line":13,"column":58},"end":{"line":14,"column":55}}]}},"s":{"0":1,"1":1,"2":0,"3":1,"4":1,"5":0,"6":1,"7":0,"8":1,"9":0,"10":1,"11":0,"12":0},"f":{"0":0,"1":1,"2":0,"3":0,"4":0},"b":{"0":[0,0],"1":[0,1],"2":[0,1],"3":[1,1],"4":[0,0]}}
,"D:/projects/vue-components-ui/packages/components/Container/zContainer.vue": {"path":"D:/projects/vue-components-ui/packages/components/Container/zContainer.vue","statementMap":{"0":{"start":{"line":11,"column":14},"end":{"line":11,"column":null}},"1":{"start":{"line":12,"column":14},"end":{"line":12,"column":null}},"2":{"start":{"line":17,"column":17},"end":{"line":33,"column":null}},"3":{"start":{"line":18,"column":4},"end":{"line":26,"column":null}},"4":{"start":{"line":19,"column":33},"end":{"line":19,"column":null}},"5":{"start":{"line":20,"column":20},"end":{"line":20,"column":null}},"6":{"start":{"line":21,"column":8},"end":{"line":25,"column":null}},"7":{"start":{"line":22,"column":30},"end":{"line":22,"column":null}},"8":{"start":{"line":23,"column":30},"end":{"line":23,"column":null}},"9":{"start":{"line":24,"column":12},"end":{"line":24,"column":null}},"10":{"start":{"line":27,"column":4},"end":{"line":32,"column":null}},"11":{"start":{"line":28,"column":8},"end":{"line":28,"column":null}},"12":{"start":{"line":29,"column":4},"end":{"line":32,"column":null}},"13":{"start":{"line":31,"column":8},"end":{"line":31,"column":null}}},"fnMap":{"0":{"name":"(anonymous_1)","decl":{"start":{"line":17,"column":26},"end":{"line":17,"column":32}},"loc":{"start":{"line":17,"column":32},"end":{"line":33,"column":1}}},"1":{"name":"(anonymous_2)","decl":{"start":{"line":21,"column":28},"end":{"line":21,"column":37}},"loc":{"start":{"line":21,"column":37},"end":{"line":25,"column":9}}}},"branchMap":{"0":{"loc":{"start":{"line":18,"column":4},"end":{"line":26,"column":null}},"type":"if","locations":[{"start":{"line":18,"column":4},"end":{"line":26,"column":null}},{"start":{"line":18,"column":4},"end":{"line":26,"column":null}}]},"1":{"loc":{"start":{"line":18,"column":8},"end":{"line":18,"column":32}},"type":"binary-expr","locations":[{"start":{"line":18,"column":8},"end":{"line":18,"column":17}},{"start":{"line":18,"column":17},"end":{"line":18,"column":32}}]},"2":{"loc":{"start":{"line":24,"column":19},"end":{"line":24,"column":null}},"type":"binary-expr","locations":[{"start":{"line":24,"column":19},"end":{"line":24,"column":46}},{"start":{"line":24,"column":46},"end":{"line":24,"column":null}}]},"3":{"loc":{"start":{"line":27,"column":4},"end":{"line":32,"column":null}},"type":"if","locations":[{"start":{"line":27,"column":4},"end":{"line":32,"column":null}},{"start":{"line":29,"column":4},"end":{"line":32,"column":null}}]},"4":{"loc":{"start":{"line":29,"column":4},"end":{"line":32,"column":null}},"type":"if","locations":[{"start":{"line":29,"column":4},"end":{"line":32,"column":null}},{"start":{"line":29,"column":4},"end":{"line":32,"column":null}}]}},"s":{"0":2,"1":2,"2":2,"3":3,"4":1,"5":1,"6":1,"7":1,"8":1,"9":0,"10":2,"11":1,"12":1,"13":1},"f":{"0":3,"1":1},"b":{"0":[1,2],"1":[3,3],"2":[0,0],"3":[1,1],"4":[1,0]}}
,"D:/projects/vue-components-ui/packages/components/Container/zHeader.vue": {"path":"D:/projects/vue-components-ui/packages/components/Container/zHeader.vue","statementMap":{"0":{"start":{"line":10,"column":14},"end":{"line":10,"column":null}}},"fnMap":{},"branchMap":{},"s":{"0":2},"f":{},"b":{}}
,"D:/projects/vue-components-ui/packages/components/Form/key.ts": {"path":"D:/projects/vue-components-ui/packages/components/Form/key.ts","statementMap":{"0":{"start":{"line":4,"column":57},"end":{"line":4,"column":null}},"1":{"start":{"line":5,"column":65},"end":{"line":5,"column":null}}},"fnMap":{},"branchMap":{},"s":{"0":3,"1":3},"f":{},"b":{}}
,"D:/projects/vue-components-ui/packages/components/Form/useContext.ts": {"path":"D:/projects/vue-components-ui/packages/components/Form/useContext.ts","statementMap":{"0":{"start":{"line":5,"column":2},"end":{"line":5,"column":null}},"1":{"start":{"line":9,"column":2},"end":{"line":9,"column":null}}},"fnMap":{"0":{"name":"useFormContext","decl":{"start":{"line":4,"column":16},"end":{"line":4,"column":53}},"loc":{"start":{"line":4,"column":53},"end":{"line":6,"column":null}}},"1":{"name":"useFormItemContext","decl":{"start":{"line":8,"column":16},"end":{"line":8,"column":61}},"loc":{"start":{"line":8,"column":61},"end":{"line":10,"column":null}}}},"branchMap":{},"s":{"0":2,"1":2},"f":{"0":2,"1":2},"b":{}}
,"D:/projects/vue-components-ui/packages/components/Form/useSize.ts": {"path":"D:/projects/vue-components-ui/packages/components/Form/useSize.ts","statementMap":{"0":{"start":{"line":11,"column":23},"end":{"line":14,"column":null}},"1":{"start":{"line":15,"column":14},"end":{"line":15,"column":null}},"2":{"start":{"line":16,"column":2},"end":{"line":24,"column":null}},"3":{"start":{"line":17,"column":4},"end":{"line":23,"column":null}},"4":{"start":{"line":18,"column":6},"end":{"line":18,"column":null}},"5":{"start":{"line":19,"column":4},"end":{"line":23,"column":null}},"6":{"start":{"line":20,"column":6},"end":{"line":20,"column":null}},"7":{"start":{"line":22,"column":6},"end":{"line":22,"column":null}}},"fnMap":{"0":{"name":"useSize","decl":{"start":{"line":10,"column":16},"end":{"line":10,"column":24}},"loc":{"start":{"line":10,"column":38},"end":{"line":25,"column":null}}},"1":{"name":"(anonymous_1)","decl":{"start":{"line":16,"column":18},"end":{"line":16,"column":24}},"loc":{"start":{"line":16,"column":24},"end":{"line":24,"column":3}}}},"branchMap":{"0":{"loc":{"start":{"line":17,"column":4},"end":{"line":23,"column":null}},"type":"if","locations":[{"start":{"line":17,"column":4},"end":{"line":23,"column":null}},{"start":{"line":19,"column":4},"end":{"line":23,"column":null}}]},"1":{"loc":{"start":{"line":19,"column":4},"end":{"line":23,"column":null}},"type":"if","locations":[{"start":{"line":19,"column":4},"end":{"line":23,"column":null}},{"start":{"line":21,"column":11},"end":{"line":23,"column":null}}]}},"s":{"0":1,"1":1,"2":1,"3":0,"4":0,"5":0,"6":0,"7":0},"f":{"0":1,"1":0},"b":{"0":[0,0],"1":[0,0]}}
,"D:/projects/vue-components-ui/packages/components/Form/form/form.ts": {"path":"D:/projects/vue-components-ui/packages/components/Form/form/form.ts","statementMap":{"0":{"start":{"line":13,"column":25},"end":{"line":41,"column":null}},"1":{"start":{"line":43,"column":25},"end":{"line":45,"column":null}},"2":{"start":{"line":44,"column":71},"end":{"line":44,"column":null}}},"fnMap":{"0":{"name":"(anonymous_0)","decl":{"start":{"line":44,"column":12},"end":{"line":44,"column":13}},"loc":{"start":{"line":44,"column":71},"end":{"line":44,"column":null}}}},"branchMap":{"0":{"loc":{"start":{"line":14,"column":14},"end":{"line":14,"column":null}},"type":"binary-expr","locations":[{"start":{"line":14,"column":14},"end":{"line":14,"column":24}},{"start":{"line":14,"column":24},"end":{"line":14,"column":null}}]}},"s":{"0":1,"1":1,"2":0},"f":{"0":0},"b":{"0":[1,0]}}
,"D:/projects/vue-components-ui/packages/components/Form/form/zForm.vue": {"path":"D:/projects/vue-components-ui/packages/components/Form/form/zForm.vue","statementMap":{"0":{"start":{"line":21,"column":34},"end":{"line":21,"column":null}},"1":{"start":{"line":22,"column":23},"end":{"line":22,"column":null}},"2":{"start":{"line":23,"column":19},"end":{"line":23,"column":null}},"3":{"start":{"line":25,"column":40},"end":{"line":28,"column":null}},"4":{"start":{"line":26,"column":17},"end":{"line":26,"column":null}},"5":{"start":{"line":27,"column":4},"end":{"line":27,"column":null}},"6":{"start":{"line":30,"column":46},"end":{"line":42,"column":null}},"7":{"start":{"line":31,"column":4},"end":{"line":41,"column":null}},"8":{"start":{"line":32,"column":8},"end":{"line":34,"column":null}},"9":{"start":{"line":33,"column":12},"end":{"line":33,"column":null}},"10":{"start":{"line":35,"column":8},"end":{"line":40,"column":null}},"11":{"start":{"line":36,"column":12},"end":{"line":36,"column":null}},"12":{"start":{"line":39,"column":12},"end":{"line":39,"column":null}},"13":{"start":{"line":44,"column":22},"end":{"line":49,"column":null}},"14":{"start":{"line":45,"column":18},"end":{"line":45,"column":null}},"15":{"start":{"line":46,"column":4},"end":{"line":48,"column":null}},"16":{"start":{"line":47,"column":8},"end":{"line":47,"column":null}},"17":{"start":{"line":51,"column":21},"end":{"line":58,"column":null}},"18":{"start":{"line":52,"column":4},"end":{"line":54,"column":null}},"19":{"start":{"line":53,"column":8},"end":{"line":53,"column":null}},"20":{"start":{"line":55,"column":4},"end":{"line":57,"column":null}},"21":{"start":{"line":56,"column":8},"end":{"line":56,"column":null}},"22":{"start":{"line":60,"column":42},"end":{"line":62,"column":null}},"23":{"start":{"line":61,"column":4},"end":{"line":61,"column":null}},"24":{"start":{"line":63,"column":48},"end":{"line":67,"column":null}},"25":{"start":{"line":64,"column":4},"end":{"line":66,"column":null}},"26":{"start":{"line":65,"column":8},"end":{"line":65,"column":null}},"27":{"start":{"line":69,"column":48},"end":{"line":76,"column":null}},"28":{"start":{"line":71,"column":4},"end":{"line":74,"column":null}},"29":{"start":{"line":72,"column":8},"end":{"line":72,"column":null}},"30":{"start":{"line":73,"column":8},"end":{"line":73,"column":null}},"31":{"start":{"line":75,"column":4},"end":{"line":75,"column":null}},"32":{"start":{"line":75,"column":48},"end":{"line":75,"column":66}},"33":{"start":{"line":78,"column":52},"end":{"line":80,"column":null}},"34":{"start":{"line":79,"column":4},"end":{"line":79,"column":null}},"35":{"start":{"line":79,"column":81},"end":{"line":79,"column":102}},"36":{"start":{"line":82,"column":22},"end":{"line":88,"column":null}},"37":{"start":{"line":83,"column":21},"end":{"line":83,"column":null}},"38":{"start":{"line":84,"column":4},"end":{"line":86,"column":null}},"39":{"start":{"line":85,"column":8},"end":{"line":85,"column":null}},"40":{"start":{"line":87,"column":4},"end":{"line":87,"column":null}},"41":{"start":{"line":90,"column":17},"end":{"line":92,"column":null}},"42":{"start":{"line":91,"column":4},"end":{"line":91,"column":null}},"43":{"start":{"line":94,"column":24},"end":{"line":114,"column":null}},"44":{"start":{"line":95,"column":4},"end":{"line":95,"column":null}},"45":{"start":{"line":95,"column":30},"end":{"line":95,"column":null}},"46":{"start":{"line":97,"column":23},"end":{"line":97,"column":null}},"47":{"start":{"line":98,"column":48},"end":{"line":98,"column":null}},"48":{"start":{"line":99,"column":4},"end":{"line":108,"column":null}},"49":{"start":{"line":100,"column":8},"end":{"line":107,"column":null}},"50":{"start":{"line":101,"column":12},"end":{"line":101,"column":null}},"51":{"start":{"line":103,"column":12},"end":{"line":106,"column":null}},"52":{"start":{"line":110,"column":4},"end":{"line":112,"column":null}},"53":{"start":{"line":111,"column":8},"end":{"line":111,"column":null}},"54":{"start":{"line":113,"column":4},"end":{"line":113,"column":null}},"55":{"start":{"line":117,"column":17},"end":{"line":119,"column":null}},"56":{"start":{"line":119,"column":23},"end":{"line":119,"column":null}},"57":{"start":{"line":121,"column":52},"end":{"line":139,"column":null}},"58":{"start":{"line":122,"column":24},"end":{"line":122,"column":null}},"59":{"start":{"line":123,"column":4},"end":{"line":138,"column":null}},"60":{"start":{"line":124,"column":23},"end":{"line":124,"column":null}},"61":{"start":{"line":125,"column":8},"end":{"line":127,"column":null}},"62":{"start":{"line":126,"column":12},"end":{"line":126,"column":null}},"63":{"start":{"line":128,"column":8},"end":{"line":128,"column":null}},"64":{"start":{"line":130,"column":8},"end":{"line":130,"column":null}},"65":{"start":{"line":130,"column":32},"end":{"line":130,"column":null}},"66":{"start":{"line":131,"column":30},"end":{"line":131,"column":null}},"67":{"start":{"line":133,"column":8},"end":{"line":135,"column":null}},"68":{"start":{"line":134,"column":12},"end":{"line":134,"column":null}},"69":{"start":{"line":136,"column":8},"end":{"line":136,"column":null}},"70":{"start":{"line":137,"column":8},"end":{"line":137,"column":null}},"71":{"start":{"line":141,"column":12},"end":{"line":151,"column":null}},"72":{"start":{"line":152,"column":0},"end":{"line":152,"column":null}},"73":{"start":{"line":155,"column":0},"end":{"line":157,"column":null}},"74":{"start":{"line":159,"column":0},"end":{"line":180,"column":null}}},"fnMap":{"0":{"name":"(anonymous_2)","decl":{"start":{"line":25,"column":40},"end":{"line":25,"column":41}},"loc":{"start":{"line":25,"column":58},"end":{"line":28,"column":null}}},"1":{"name":"(anonymous_3)","decl":{"start":{"line":30,"column":46},"end":{"line":30,"column":47}},"loc":{"start":{"line":30,"column":67},"end":{"line":42,"column":null}}},"2":{"name":"(anonymous_4)","decl":{"start":{"line":31,"column":25},"end":{"line":31,"column":26}},"loc":{"start":{"line":31,"column":35},"end":{"line":41,"column":5}}},"3":{"name":"(anonymous_5)","decl":{"start":{"line":44,"column":22},"end":{"line":44,"column":23}},"loc":{"start":{"line":44,"column":40},"end":{"line":49,"column":null}}},"4":{"name":"(anonymous_6)","decl":{"start":{"line":51,"column":21},"end":{"line":51,"column":22}},"loc":{"start":{"line":51,"column":75},"end":{"line":58,"column":null}}},"5":{"name":"(anonymous_7)","decl":{"start":{"line":55,"column":26},"end":{"line":55,"column":27}},"loc":{"start":{"line":55,"column":46},"end":{"line":57,"column":5}}},"6":{"name":"(anonymous_8)","decl":{"start":{"line":60,"column":42},"end":{"line":60,"column":43}},"loc":{"start":{"line":60,"column":53},"end":{"line":62,"column":null}}},"7":{"name":"(anonymous_9)","decl":{"start":{"line":63,"column":48},"end":{"line":63,"column":49}},"loc":{"start":{"line":63,"column":59},"end":{"line":67,"column":null}}},"8":{"name":"(anonymous_10)","decl":{"start":{"line":69,"column":48},"end":{"line":69,"column":49}},"loc":{"start":{"line":69,"column":64},"end":{"line":76,"column":null}}},"9":{"name":"(anonymous_11)","decl":{"start":{"line":75,"column":37},"end":{"line":75,"column":38}},"loc":{"start":{"line":75,"column":48},"end":{"line":75,"column":66}}},"10":{"name":"(anonymous_12)","decl":{"start":{"line":78,"column":52},"end":{"line":78,"column":53}},"loc":{"start":{"line":78,"column":68},"end":{"line":80,"column":null}}},"11":{"name":"(anonymous_13)","decl":{"start":{"line":79,"column":53},"end":{"line":79,"column":54}},"loc":{"start":{"line":79,"column":81},"end":{"line":79,"column":102}}},"12":{"name":"(anonymous_14)","decl":{"start":{"line":82,"column":31},"end":{"line":82,"column":37}},"loc":{"start":{"line":82,"column":37},"end":{"line":88,"column":1}}},"13":{"name":"(anonymous_15)","decl":{"start":{"line":90,"column":26},"end":{"line":90,"column":32}},"loc":{"start":{"line":90,"column":32},"end":{"line":92,"column":1}}},"14":{"name":"(anonymous_16)","decl":{"start":{"line":94,"column":24},"end":{"line":94,"column":31}},"loc":{"start":{"line":94,"column":69},"end":{"line":114,"column":null}}},"15":{"name":"(anonymous_17)","decl":{"start":{"line":117,"column":17},"end":{"line":117,"column":null}},"loc":{"start":{"line":119,"column":23},"end":{"line":119,"column":null}}},"16":{"name":"(anonymous_18)","decl":{"start":{"line":121,"column":52},"end":{"line":121,"column":59}},"loc":{"start":{"line":121,"column":89},"end":{"line":139,"column":null}}},"17":{"name":"(anonymous_19)","decl":{"start":{"line":155,"column":10},"end":{"line":155,"column":16}},"loc":{"start":{"line":155,"column":16},"end":{"line":157,"column":1}}}},"branchMap":{"0":{"loc":{"start":{"line":32,"column":8},"end":{"line":34,"column":null}},"type":"if","locations":[{"start":{"line":32,"column":8},"end":{"line":34,"column":null}},{"start":{"line":32,"column":8},"end":{"line":34,"column":null}}]},"1":{"loc":{"start":{"line":32,"column":12},"end":{"line":32,"column":39}},"type":"binary-expr","locations":[{"start":{"line":32,"column":12},"end":{"line":32,"column":29}},{"start":{"line":32,"column":29},"end":{"line":32,"column":39}}]},"2":{"loc":{"start":{"line":35,"column":8},"end":{"line":40,"column":null}},"type":"if","locations":[{"start":{"line":35,"column":8},"end":{"line":40,"column":null}},{"start":{"line":38,"column":13},"end":{"line":40,"column":null}}]},"3":{"loc":{"start":{"line":46,"column":4},"end":{"line":48,"column":null}},"type":"if","locations":[{"start":{"line":46,"column":4},"end":{"line":48,"column":null}},{"start":{"line":46,"column":4},"end":{"line":48,"column":null}}]},"4":{"loc":{"start":{"line":52,"column":4},"end":{"line":54,"column":null}},"type":"if","locations":[{"start":{"line":52,"column":4},"end":{"line":54,"column":null}},{"start":{"line":52,"column":4},"end":{"line":54,"column":null}}]},"5":{"loc":{"start":{"line":64,"column":4},"end":{"line":66,"column":null}},"type":"if","locations":[{"start":{"line":64,"column":4},"end":{"line":66,"column":null}},{"start":{"line":64,"column":4},"end":{"line":66,"column":null}}]},"6":{"loc":{"start":{"line":71,"column":4},"end":{"line":74,"column":null}},"type":"if","locations":[{"start":{"line":71,"column":4},"end":{"line":74,"column":null}},{"start":{"line":71,"column":4},"end":{"line":74,"column":null}}]},"7":{"loc":{"start":{"line":78,"column":53},"end":{"line":78,"column":68}},"type":"default-arg","locations":[{"start":{"line":78,"column":61},"end":{"line":78,"column":68}}]},"8":{"loc":{"start":{"line":84,"column":4},"end":{"line":86,"column":null}},"type":"if","locations":[{"start":{"line":84,"column":4},"end":{"line":86,"column":null}},{"start":{"line":84,"column":4},"end":{"line":86,"column":null}}]},"9":{"loc":{"start":{"line":91,"column":11},"end":{"line":91,"column":null}},"type":"cond-expr","locations":[{"start":{"line":91,"column":26},"end":{"line":91,"column":35}},{"start":{"line":91,"column":35},"end":{"line":91,"column":null}}]},"10":{"loc":{"start":{"line":95,"column":4},"end":{"line":95,"column":null}},"type":"if","locations":[{"start":{"line":95,"column":4},"end":{"line":95,"column":null}},{"start":{"line":95,"column":4},"end":{"line":95,"column":null}}]},"11":{"loc":{"start":{"line":110,"column":4},"end":{"line":112,"column":null}},"type":"if","locations":[{"start":{"line":110,"column":4},"end":{"line":112,"column":null}},{"start":{"line":110,"column":4},"end":{"line":112,"column":null}}]},"12":{"loc":{"start":{"line":121,"column":59},"end":{"line":121,"column":76}},"type":"default-arg","locations":[{"start":{"line":121,"column":72},"end":{"line":121,"column":76}}]},"13":{"loc":{"start":{"line":125,"column":8},"end":{"line":127,"column":null}},"type":"if","locations":[{"start":{"line":125,"column":8},"end":{"line":127,"column":null}},{"start":{"line":125,"column":8},"end":{"line":127,"column":null}}]},"14":{"loc":{"start":{"line":130,"column":8},"end":{"line":130,"column":null}},"type":"if","locations":[{"start":{"line":130,"column":8},"end":{"line":130,"column":null}},{"start":{"line":130,"column":8},"end":{"line":130,"column":null}}]},"15":{"loc":{"start":{"line":133,"column":8},"end":{"line":135,"column":null}},"type":"if","locations":[{"start":{"line":133,"column":8},"end":{"line":135,"column":null}},{"start":{"line":133,"column":8},"end":{"line":135,"column":null}}]},"16":{"loc":{"start":{"line":137,"column":15},"end":{"line":137,"column":null}},"type":"binary-expr","locations":[{"start":{"line":137,"column":15},"end":{"line":137,"column":30}},{"start":{"line":137,"column":30},"end":{"line":137,"column":null}}]}},"s":{"0":1,"1":1,"2":1,"3":1,"4":0,"5":0,"6":1,"7":0,"8":0,"9":0,"10":0,"11":0,"12":0,"13":1,"14":0,"15":0,"16":0,"17":1,"18":0,"19":0,"20":0,"21":0,"22":1,"23":1,"24":1,"25":0,"26":0,"27":1,"28":0,"29":0,"30":0,"31":0,"32":0,"33":1,"34":0,"35":0,"36":1,"37":0,"38":0,"39":0,"40":0,"41":1,"42":0,"43":1,"44":0,"45":0,"46":0,"47":0,"48":0,"49":0,"50":0,"51":0,"52":0,"53":0,"54":0,"55":1,"56":0,"57":1,"58":0,"59":0,"60":0,"61":0,"62":0,"63":0,"64":0,"65":0,"66":0,"67":0,"68":0,"69":0,"70":0,"71":1,"72":1,"73":1,"74":1},"f":{"0":0,"1":0,"2":0,"3":0,"4":0,"5":0,"6":1,"7":0,"8":0,"9":0,"10":0,"11":0,"12":0,"13":0,"14":0,"15":0,"16":0,"17":1},"b":{"0":[0,0],"1":[0,0],"2":[0,0],"3":[0,0],"4":[0,0],"5":[0,0],"6":[0,0],"7":[0],"8":[0,0],"9":[0,0],"10":[0,0],"11":[0,0],"12":[0],"13":[0,0],"14":[0,0],"15":[0,0],"16":[0,0]}}
,"D:/projects/vue-components-ui/packages/components/Form/form-item/form-item.ts": {"path":"D:/projects/vue-components-ui/packages/components/Form/form-item/form-item.ts","statementMap":{"0":{"start":{"line":4,"column":29},"end":{"line":25,"column":null}}},"fnMap":{},"branchMap":{},"s":{"0":1},"f":{},"b":{}}
,"D:/projects/vue-components-ui/packages/components/Form/form-item/zFormItem.vue": {"path":"D:/projects/vue-components-ui/packages/components/Form/form-item/zFormItem.vue","statementMap":{"0":{"start":{"line":25,"column":20},"end":{"line":25,"column":null}},"1":{"start":{"line":26,"column":33},"end":{"line":26,"column":null}},"2":{"start":{"line":27,"column":24},"end":{"line":27,"column":null}},"3":{"start":{"line":28,"column":24},"end":{"line":28,"column":null}},"4":{"start":{"line":29,"column":17},"end":{"line":29,"column":null}},"5":{"start":{"line":30,"column":23},"end":{"line":30,"column":null}},"6":{"start":{"line":31,"column":19},"end":{"line":31,"column":null}},"7":{"start":{"line":33,"column":26},"end":{"line":33,"column":null}},"8":{"start":{"line":35,"column":19},"end":{"line":37,"column":null}},"9":{"start":{"line":36,"column":4},"end":{"line":36,"column":null}},"10":{"start":{"line":39,"column":22},"end":{"line":42,"column":null}},"11":{"start":{"line":40,"column":24},"end":{"line":40,"column":null}},"12":{"start":{"line":41,"column":4},"end":{"line":41,"column":null}},"13":{"start":{"line":44,"column":19},"end":{"line":54,"column":null}},"14":{"start":{"line":45,"column":16},"end":{"line":45,"column":null}},"15":{"start":{"line":46,"column":4},"end":{"line":48,"column":null}},"16":{"start":{"line":47,"column":8},"end":{"line":47,"column":null}},"17":{"start":{"line":49,"column":25},"end":{"line":51,"column":null}},"18":{"start":{"line":50,"column":8},"end":{"line":50,"column":null}},"19":{"start":{"line":52,"column":23},"end":{"line":52,"column":null}},"20":{"start":{"line":53,"column":4},"end":{"line":53,"column":null}},"21":{"start":{"line":56,"column":17},"end":{"line":58,"column":null}},"22":{"start":{"line":57,"column":4},"end":{"line":57,"column":null}},"23":{"start":{"line":60,"column":21},"end":{"line":62,"column":null}},"24":{"start":{"line":61,"column":4},"end":{"line":61,"column":null}},"25":{"start":{"line":64,"column":19},"end":{"line":80,"column":null}},"26":{"start":{"line":65,"column":18},"end":{"line":65,"column":null}},"27":{"start":{"line":66,"column":4},"end":{"line":66,"column":null}},"28":{"start":{"line":66,"column":31},"end":{"line":66,"column":null}},"29":{"start":{"line":75,"column":4},"end":{"line":75,"column":null}},"30":{"start":{"line":76,"column":4},"end":{"line":76,"column":null}},"31":{"start":{"line":77,"column":4},"end":{"line":77,"column":null}},"32":{"start":{"line":78,"column":4},"end":{"line":78,"column":null}},"33":{"start":{"line":79,"column":4},"end":{"line":79,"column":null}},"34":{"start":{"line":82,"column":56},"end":{"line":86,"column":null}},"35":{"start":{"line":83,"column":4},"end":{"line":83,"column":null}},"36":{"start":{"line":84,"column":4},"end":{"line":84,"column":null}},"37":{"start":{"line":85,"column":4},"end":{"line":85,"column":null}},"38":{"start":{"line":88,"column":27},"end":{"line":90,"column":null}},"39":{"start":{"line":89,"column":4},"end":{"line":89,"column":null}},"40":{"start":{"line":92,"column":30},"end":{"line":96,"column":null}},"41":{"start":{"line":93,"column":4},"end":{"line":93,"column":null}},"42":{"start":{"line":94,"column":4},"end":{"line":94,"column":null}},"43":{"start":{"line":95,"column":4},"end":{"line":95,"column":null}},"44":{"start":{"line":98,"column":27},"end":{"line":110,"column":null}},"45":{"start":{"line":99,"column":31},"end":{"line":99,"column":null}},"46":{"start":{"line":100,"column":4},"end":{"line":102,"column":null}},"47":{"start":{"line":101,"column":8},"end":{"line":101,"column":null}},"48":{"start":{"line":104,"column":4},"end":{"line":104,"column":null}},"49":{"start":{"line":105,"column":4},"end":{"line":107,"column":null}},"50":{"start":{"line":109,"column":4},"end":{"line":109,"column":null}},"51":{"start":{"line":112,"column":19},"end":{"line":125,"column":null}},"52":{"start":{"line":113,"column":17},"end":{"line":113,"column":null}},"53":{"start":{"line":114,"column":22},"end":{"line":116,"column":null}},"54":{"start":{"line":117,"column":4},"end":{"line":123,"column":null}},"55":{"start":{"line":118,"column":8},"end":{"line":118,"column":null}},"56":{"start":{"line":119,"column":8},"end":{"line":119,"column":null}},"57":{"start":{"line":121,"column":8},"end":{"line":121,"column":null}},"58":{"start":{"line":122,"column":8},"end":{"line":122,"column":null}},"59":{"start":{"line":127,"column":46},"end":{"line":146,"column":null}},"60":{"start":{"line":128,"column":4},"end":{"line":130,"column":null}},"61":{"start":{"line":129,"column":8},"end":{"line":129,"column":null}},"62":{"start":{"line":131,"column":24},"end":{"line":131,"column":null}},"63":{"start":{"line":133,"column":26},"end":{"line":133,"column":null}},"64":{"start":{"line":134,"column":4},"end":{"line":137,"column":null}},"65":{"start":{"line":135,"column":8},"end":{"line":135,"column":null}},"66":{"start":{"line":136,"column":8},"end":{"line":136,"column":null}},"67":{"start":{"line":139,"column":4},"end":{"line":145,"column":null}},"68":{"start":{"line":140,"column":8},"end":{"line":140,"column":null}},"69":{"start":{"line":141,"column":8},"end":{"line":141,"column":null}},"70":{"start":{"line":143,"column":8},"end":{"line":143,"column":null}},"71":{"start":{"line":144,"column":8},"end":{"line":144,"column":null}},"72":{"start":{"line":148,"column":33},"end":{"line":155,"column":null}},"73":{"start":{"line":156,"column":0},"end":{"line":156,"column":null}},"74":{"start":{"line":158,"column":0},"end":{"line":160,"column":null}},"75":{"start":{"line":159,"column":4},"end":{"line":159,"column":null}},"76":{"start":{"line":162,"column":0},"end":{"line":164,"column":null}},"77":{"start":{"line":163,"column":4},"end":{"line":163,"column":null}},"78":{"start":{"line":166,"column":0},"end":{"line":173,"column":null}}},"fnMap":{"0":{"name":"(anonymous_2)","decl":{"start":{"line":35,"column":28},"end":{"line":35,"column":34}},"loc":{"start":{"line":35,"column":34},"end":{"line":37,"column":1}}},"1":{"name":"(anonymous_3)","decl":{"start":{"line":39,"column":31},"end":{"line":39,"column":37}},"loc":{"start":{"line":39,"column":37},"end":{"line":42,"column":1}}},"2":{"name":"(anonymous_4)","decl":{"start":{"line":44,"column":28},"end":{"line":44,"column":34}},"loc":{"start":{"line":44,"column":34},"end":{"line":54,"column":1}}},"3":{"name":"(anonymous_5)","decl":{"start":{"line":49,"column":57},"end":{"line":49,"column":65}},"loc":{"start":{"line":49,"column":65},"end":{"line":51,"column":5}}},"4":{"name":"(anonymous_6)","decl":{"start":{"line":56,"column":26},"end":{"line":56,"column":32}},"loc":{"start":{"line":56,"column":32},"end":{"line":58,"column":1}}},"5":{"name":"(anonymous_7)","decl":{"start":{"line":60,"column":30},"end":{"line":60,"column":36}},"loc":{"start":{"line":60,"column":36},"end":{"line":62,"column":1}}},"6":{"name":"(anonymous_8)","decl":{"start":{"line":64,"column":19},"end":{"line":64,"column":31}},"loc":{"start":{"line":64,"column":31},"end":{"line":80,"column":null}}},"7":{"name":"(anonymous_9)","decl":{"start":{"line":82,"column":56},"end":{"line":82,"column":62}},"loc":{"start":{"line":82,"column":62},"end":{"line":86,"column":null}}},"8":{"name":"(anonymous_10)","decl":{"start":{"line":88,"column":27},"end":{"line":88,"column":28}},"loc":{"start":{"line":88,"column":53},"end":{"line":90,"column":null}}},"9":{"name":"(anonymous_11)","decl":{"start":{"line":92,"column":30},"end":{"line":92,"column":36}},"loc":{"start":{"line":92,"column":36},"end":{"line":96,"column":null}}},"10":{"name":"(anonymous_12)","decl":{"start":{"line":98,"column":27},"end":{"line":98,"column":28}},"loc":{"start":{"line":98,"column":59},"end":{"line":110,"column":null}}},"11":{"name":"(anonymous_13)","decl":{"start":{"line":112,"column":19},"end":{"line":112,"column":26}},"loc":{"start":{"line":112,"column":53},"end":{"line":125,"column":null}}},"12":{"name":"(anonymous_14)","decl":{"start":{"line":117,"column":87},"end":{"line":117,"column":93}},"loc":{"start":{"line":117,"column":93},"end":{"line":120,"column":5}}},"13":{"name":"(anonymous_15)","decl":{"start":{"line":120,"column":13},"end":{"line":120,"column":14}},"loc":{"start":{"line":120,"column":22},"end":{"line":123,"column":5}}},"14":{"name":"(anonymous_16)","decl":{"start":{"line":127,"column":46},"end":{"line":127,"column":53}},"loc":{"start":{"line":127,"column":75},"end":{"line":146,"column":null}}},"15":{"name":"(anonymous_17)","decl":{"start":{"line":139,"column":42},"end":{"line":139,"column":49}},"loc":{"start":{"line":139,"column":49},"end":{"line":142,"column":5}}},"16":{"name":"(anonymous_18)","decl":{"start":{"line":142,"column":13},"end":{"line":142,"column":14}},"loc":{"start":{"line":142,"column":29},"end":{"line":145,"column":5}}},"17":{"name":"(anonymous_19)","decl":{"start":{"line":158,"column":10},"end":{"line":158,"column":16}},"loc":{"start":{"line":158,"column":16},"end":{"line":160,"column":1}}},"18":{"name":"(anonymous_20)","decl":{"start":{"line":162,"column":16},"end":{"line":162,"column":22}},"loc":{"start":{"line":162,"column":22},"end":{"line":164,"column":1}}}},"branchMap":{"0":{"loc":{"start":{"line":36,"column":11},"end":{"line":36,"column":null}},"type":"cond-expr","locations":[{"start":{"line":36,"column":30},"end":{"line":36,"column":49}},{"start":{"line":36,"column":49},"end":{"line":36,"column":null}}]},"1":{"loc":{"start":{"line":36,"column":49},"end":{"line":36,"column":null}},"type":"cond-expr","locations":[{"start":{"line":36,"column":75},"end":{"line":36,"column":101}},{"start":{"line":36,"column":101},"end":{"line":36,"column":null}}]},"2":{"loc":{"start":{"line":46,"column":4},"end":{"line":48,"column":null}},"type":"if","locations":[{"start":{"line":46,"column":4},"end":{"line":48,"column":null}},{"start":{"line":46,"column":4},"end":{"line":48,"column":null}}]},"3":{"loc":{"start":{"line":49,"column":25},"end":{"line":51,"column":null}},"type":"cond-expr","locations":[{"start":{"line":49,"column":46},"end":{"line":51,"column":9}},{"start":{"line":51,"column":9},"end":{"line":51,"column":null}}]},"4":{"loc":{"start":{"line":52,"column":23},"end":{"line":52,"column":null}},"type":"cond-expr","locations":[{"start":{"line":52,"column":58},"end":{"line":52,"column":65}},{"start":{"line":52,"column":65},"end":{"line":52,"column":null}}]},"5":{"loc":{"start":{"line":53,"column":11},"end":{"line":53,"column":null}},"type":"cond-expr","locations":[{"start":{"line":53,"column":42},"end":{"line":53,"column":48}},{"start":{"line":53,"column":48},"end":{"line":53,"column":null}}]},"6":{"loc":{"start":{"line":53,"column":11},"end":{"line":53,"column":42}},"type":"binary-expr","locations":[{"start":{"line":53,"column":11},"end":{"line":53,"column":27}},{"start":{"line":53,"column":27},"end":{"line":53,"column":42}}]},"7":{"loc":{"start":{"line":66,"column":4},"end":{"line":66,"column":null}},"type":"if","locations":[{"start":{"line":66,"column":4},"end":{"line":66,"column":null}},{"start":{"line":66,"column":4},"end":{"line":66,"column":null}}]},"8":{"loc":{"start":{"line":66,"column":8},"end":{"line":66,"column":31}},"type":"binary-expr","locations":[{"start":{"line":66,"column":8},"end":{"line":66,"column":18}},{"start":{"line":66,"column":18},"end":{"line":66,"column":31}}]},"9":{"loc":{"start":{"line":100,"column":4},"end":{"line":102,"column":null}},"type":"if","locations":[{"start":{"line":100,"column":4},"end":{"line":102,"column":null}},{"start":{"line":100,"column":4},"end":{"line":102,"column":null}}]},"10":{"loc":{"start":{"line":100,"column":8},"end":{"line":100,"column":28}},"type":"binary-expr","locations":[{"start":{"line":100,"column":8},"end":{"line":100,"column":19}},{"start":{"line":100,"column":19},"end":{"line":100,"column":28}}]},"11":{"loc":{"start":{"line":105,"column":28},"end":{"line":107,"column":null}},"type":"cond-expr","locations":[{"start":{"line":106,"column":10},"end":{"line":106,"column":null}},{"start":{"line":107,"column":10},"end":{"line":107,"column":null}}]},"12":{"loc":{"start":{"line":106,"column":10},"end":{"line":106,"column":null}},"type":"binary-expr","locations":[{"start":{"line":106,"column":10},"end":{"line":106,"column":34}},{"start":{"line":106,"column":34},"end":{"line":106,"column":null}}]},"13":{"loc":{"start":{"line":128,"column":4},"end":{"line":130,"column":null}},"type":"if","locations":[{"start":{"line":128,"column":4},"end":{"line":130,"column":null}},{"start":{"line":128,"column":4},"end":{"line":130,"column":null}}]},"14":{"loc":{"start":{"line":128,"column":8},"end":{"line":128,"column":63}},"type":"binary-expr","locations":[{"start":{"line":128,"column":8},"end":{"line":128,"column":28}},{"start":{"line":128,"column":28},"end":{"line":128,"column":63}}]},"15":{"loc":{"start":{"line":134,"column":4},"end":{"line":137,"column":null}},"type":"if","locations":[{"start":{"line":134,"column":4},"end":{"line":137,"column":null}},{"start":{"line":134,"column":4},"end":{"line":137,"column":null}}]},"16":{"loc":{"start":{"line":134,"column":8},"end":{"line":134,"column":68}},"type":"binary-expr","locations":[{"start":{"line":134,"column":8},"end":{"line":134,"column":40}},{"start":{"line":134,"column":40},"end":{"line":134,"column":68}}]},"17":{"loc":{"start":{"line":144,"column":15},"end":{"line":144,"column":null}},"type":"cond-expr","locations":[{"start":{"line":144,"column":29},"end":{"line":144,"column":37}},{"start":{"line":144,"column":37},"end":{"line":144,"column":null}}]}},"s":{"0":1,"1":1,"2":1,"3":1,"4":1,"5":1,"6":1,"7":1,"8":1,"9":0,"10":1,"11":0,"12":0,"13":1,"14":1,"15":1,"16":1,"17":0,"18":0,"19":0,"20":0,"21":1,"22":0,"23":1,"24":0,"25":1,"26":0,"27":0,"28":0,"29":0,"30":0,"31":0,"32":0,"33":0,"34":1,"35":0,"36":0,"37":0,"38":1,"39":0,"40":1,"41":0,"42":0,"43":0,"44":1,"45":0,"46":0,"47":0,"48":0,"49":0,"50":0,"51":1,"52":0,"53":0,"54":0,"55":0,"56":0,"57":0,"58":0,"59":1,"60":0,"61":0,"62":0,"63":0,"64":0,"65":0,"66":0,"67":0,"68":0,"69":0,"70":0,"71":0,"72":1,"73":1,"74":1,"75":1,"76":1,"77":0,"78":1},"f":{"0":0,"1":0,"2":1,"3":0,"4":0,"5":0,"6":0,"7":0,"8":0,"9":0,"10":0,"11":0,"12":0,"13":0,"14":0,"15":0,"16":0,"17":1,"18":0},"b":{"0":[0,0],"1":[0,0],"2":[1,0],"3":[0,0],"4":[0,0],"5":[0,0],"6":[0,0],"7":[0,0],"8":[0,0],"9":[0,0],"10":[0,0],"11":[0,0],"12":[0,0],"13":[0,0],"14":[0,0],"15":[0,0],"16":[0,0],"17":[0,0]}}
,"D:/projects/vue-components-ui/packages/components/Icon/icon.ts": {"path":"D:/projects/vue-components-ui/packages/components/Icon/icon.ts","statementMap":{"0":{"start":{"line":8,"column":25},"end":{"line":11,"column":null}}},"fnMap":{},"branchMap":{},"s":{"0":1},"f":{},"b":{}}
,"D:/projects/vue-components-ui/packages/components/Icon/zIcon.vue": {"path":"D:/projects/vue-components-ui/packages/components/Icon/zIcon.vue","statementMap":{"0":{"start":{"line":15,"column":14},"end":{"line":18,"column":null}},"1":{"start":{"line":15,"column":30},"end":{"line":18,"column":2}}},"fnMap":{"0":{"name":"(anonymous_1)","decl":{"start":{"line":15,"column":23},"end":{"line":15,"column":30}},"loc":{"start":{"line":15,"column":30},"end":{"line":18,"column":2}}}},"branchMap":{"0":{"loc":{"start":{"line":16,"column":14},"end":{"line":16,"column":null}},"type":"binary-expr","locations":[{"start":{"line":16,"column":14},"end":{"line":16,"column":28}},{"start":{"line":16,"column":28},"end":{"line":16,"column":null}}]},"1":{"loc":{"start":{"line":17,"column":11},"end":{"line":17,"column":null}},"type":"binary-expr","locations":[{"start":{"line":17,"column":11},"end":{"line":17,"column":26}},{"start":{"line":17,"column":26},"end":{"line":17,"column":null}}]}},"s":{"0":2,"1":2},"f":{"0":2},"b":{"0":[2,1],"1":[2,1]}}
,"D:/projects/vue-components-ui/packages/components/Input/input.ts": {"path":"D:/projects/vue-components-ui/packages/components/Input/input.ts","statementMap":{"0":{"start":{"line":7,"column":26},"end":{"line":62,"column":null}},"1":{"start":{"line":64,"column":26},"end":{"line":77,"column":null}},"2":{"start":{"line":65,"column":49},"end":{"line":65,"column":null}},"3":{"start":{"line":66,"column":26},"end":{"line":66,"column":null}},"4":{"start":{"line":67,"column":27},"end":{"line":67,"column":null}},"5":{"start":{"line":68,"column":30},"end":{"line":68,"column":null}},"6":{"start":{"line":69,"column":29},"end":{"line":69,"column":null}},"7":{"start":{"line":70,"column":15},"end":{"line":70,"column":null}},"8":{"start":{"line":71,"column":35},"end":{"line":71,"column":null}},"9":{"start":{"line":72,"column":35},"end":{"line":72,"column":null}},"10":{"start":{"line":73,"column":43},"end":{"line":73,"column":null}},"11":{"start":{"line":74,"column":47},"end":{"line":74,"column":null}},"12":{"start":{"line":75,"column":48},"end":{"line":75,"column":null}},"13":{"start":{"line":76,"column":45},"end":{"line":76,"column":null}}},"fnMap":{"0":{"name":"(anonymous_0)","decl":{"start":{"line":65,"column":23},"end":{"line":65,"column":24}},"loc":{"start":{"line":65,"column":49},"end":{"line":65,"column":null}}},"1":{"name":"(anonymous_1)","decl":{"start":{"line":66,"column":9},"end":{"line":66,"column":10}},"loc":{"start":{"line":66,"column":26},"end":{"line":66,"column":null}}},"2":{"name":"(anonymous_2)","decl":{"start":{"line":67,"column":10},"end":{"line":67,"column":11}},"loc":{"start":{"line":67,"column":27},"end":{"line":67,"column":null}}},"3":{"name":"(anonymous_3)","decl":{"start":{"line":68,"column":9},"end":{"line":68,"column":10}},"loc":{"start":{"line":68,"column":30},"end":{"line":68,"column":null}}},"4":{"name":"(anonymous_4)","decl":{"start":{"line":69,"column":8},"end":{"line":69,"column":9}},"loc":{"start":{"line":69,"column":29},"end":{"line":69,"column":null}}},"5":{"name":"(anonymous_5)","decl":{"start":{"line":70,"column":9},"end":{"line":70,"column":15}},"loc":{"start":{"line":70,"column":15},"end":{"line":70,"column":null}}},"6":{"name":"(anonymous_6)","decl":{"start":{"line":71,"column":14},"end":{"line":71,"column":15}},"loc":{"start":{"line":71,"column":35},"end":{"line":71,"column":null}}},"7":{"name":"(anonymous_7)","decl":{"start":{"line":72,"column":14},"end":{"line":72,"column":15}},"loc":{"start":{"line":72,"column":35},"end":{"line":72,"column":null}}},"8":{"name":"(anonymous_8)","decl":{"start":{"line":73,"column":11},"end":{"line":73,"column":12}},"loc":{"start":{"line":73,"column":43},"end":{"line":73,"column":null}}},"9":{"name":"(anonymous_9)","decl":{"start":{"line":74,"column":20},"end":{"line":74,"column":21}},"loc":{"start":{"line":74,"column":47},"end":{"line":74,"column":null}}},"10":{"name":"(anonymous_10)","decl":{"start":{"line":75,"column":21},"end":{"line":75,"column":22}},"loc":{"start":{"line":75,"column":48},"end":{"line":75,"column":null}}},"11":{"name":"(anonymous_11)","decl":{"start":{"line":76,"column":18},"end":{"line":76,"column":19}},"loc":{"start":{"line":76,"column":45},"end":{"line":76,"column":null}}}},"branchMap":{},"s":{"0":2,"1":2,"2":0,"3":0,"4":0,"5":0,"6":0,"7":0,"8":0,"9":0,"10":0,"11":0,"12":0,"13":0},"f":{"0":0,"1":0,"2":0,"3":0,"4":0,"5":0,"6":0,"7":0,"8":0,"9":0,"10":0,"11":0},"b":{}}
,"D:/projects/vue-components-ui/packages/components/Input/input.vue": {"path":"D:/projects/vue-components-ui/packages/components/Input/input.vue","statementMap":{"0":{"start":{"line":90,"column":14},"end":{"line":90,"column":null}},"1":{"start":{"line":91,"column":14},"end":{"line":91,"column":null}},"2":{"start":{"line":95,"column":14},"end":{"line":95,"column":null}},"3":{"start":{"line":96,"column":0},"end":{"line":96,"column":null}},"4":{"start":{"line":97,"column":24},"end":{"line":97,"column":null}},"5":{"start":{"line":99,"column":20},"end":{"line":99,"column":null}},"6":{"start":{"line":100,"column":17},"end":{"line":100,"column":null}},"7":{"start":{"line":101,"column":18},"end":{"line":101,"column":null}},"8":{"start":{"line":102,"column":20},"end":{"line":102,"column":null}},"9":{"start":{"line":103,"column":22},"end":{"line":108,"column":null}},"10":{"start":{"line":110,"column":14},"end":{"line":110,"column":null}},"11":{"start":{"line":111,"column":17},"end":{"line":111,"column":null}},"12":{"start":{"line":113,"column":13},"end":{"line":113,"column":null}},"13":{"start":{"line":113,"column":28},"end":{"line":113,"column":57}},"14":{"start":{"line":115,"column":19},"end":{"line":117,"column":null}},"15":{"start":{"line":116,"column":2},"end":{"line":116,"column":null}},"16":{"start":{"line":119,"column":19},"end":{"line":121,"column":null}},"17":{"start":{"line":120,"column":2},"end":{"line":120,"column":null}},"18":{"start":{"line":123,"column":20},"end":{"line":125,"column":null}},"19":{"start":{"line":124,"column":2},"end":{"line":124,"column":null}},"20":{"start":{"line":127,"column":24},"end":{"line":136,"column":null}},"21":{"start":{"line":128,"column":2},"end":{"line":134,"column":null}},"22":{"start":{"line":129,"column":4},"end":{"line":133,"column":null}},"23":{"start":{"line":130,"column":6},"end":{"line":130,"column":null}},"24":{"start":{"line":132,"column":6},"end":{"line":132,"column":null}},"25":{"start":{"line":135,"column":2},"end":{"line":135,"column":null}},"26":{"start":{"line":138,"column":23},"end":{"line":140,"column":null}},"27":{"start":{"line":139,"column":2},"end":{"line":139,"column":null}},"28":{"start":{"line":142,"column":13},"end":{"line":144,"column":null}},"29":{"start":{"line":143,"column":2},"end":{"line":143,"column":null}},"30":{"start":{"line":145,"column":17},"end":{"line":148,"column":null}},"31":{"start":{"line":146,"column":16},"end":{"line":146,"column":null}},"32":{"start":{"line":147,"column":2},"end":{"line":147,"column":null}},"33":{"start":{"line":150,"column":25},"end":{"line":150,"column":null}},"34":{"start":{"line":150,"column":41},"end":{"line":150,"column":97}},"35":{"start":{"line":152,"column":28},"end":{"line":156,"column":null}},"36":{"start":{"line":153,"column":16},"end":{"line":153,"column":null}},"37":{"start":{"line":154,"column":2},"end":{"line":154,"column":null}},"38":{"start":{"line":154,"column":56},"end":{"line":154,"column":null}},"39":{"start":{"line":155,"column":2},"end":{"line":155,"column":null}},"40":{"start":{"line":158,"column":21},"end":{"line":160,"column":null}},"41":{"start":{"line":159,"column":2},"end":{"line":159,"column":null}},"42":{"start":{"line":162,"column":21},"end":{"line":164,"column":null}},"43":{"start":{"line":163,"column":2},"end":{"line":163,"column":null}},"44":{"start":{"line":201,"column":20},"end":{"line":218,"column":null}},"45":{"start":{"line":202,"column":18},"end":{"line":202,"column":null}},"46":{"start":{"line":203,"column":2},"end":{"line":206,"column":null}},"47":{"start":{"line":204,"column":4},"end":{"line":204,"column":null}},"48":{"start":{"line":205,"column":4},"end":{"line":205,"column":null}},"49":{"start":{"line":207,"column":2},"end":{"line":207,"column":null}},"50":{"start":{"line":207,"column":25},"end":{"line":207,"column":null}},"51":{"start":{"line":211,"column":2},"end":{"line":214,"column":null}},"52":{"start":{"line":212,"column":4},"end":{"line":212,"column":null}},"53":{"start":{"line":213,"column":4},"end":{"line":213,"column":null}},"54":{"start":{"line":215,"column":2},"end":{"line":215,"column":null}},"55":{"start":{"line":216,"column":2},"end":{"line":216,"column":null}},"56":{"start":{"line":217,"column":2},"end":{"line":217,"column":null}},"57":{"start":{"line":217,"column":17},"end":{"line":217,"column":38}},"58":{"start":{"line":220,"column":21},"end":{"line":223,"column":null}},"59":{"start":{"line":221,"column":2},"end":{"line":221,"column":null}},"60":{"start":{"line":222,"column":2},"end":{"line":222,"column":null}},"61":{"start":{"line":225,"column":20},"end":{"line":228,"column":null}},"62":{"start":{"line":226,"column":2},"end":{"line":226,"column":null}},"63":{"start":{"line":227,"column":2},"end":{"line":227,"column":null}},"64":{"start":{"line":230,"column":19},"end":{"line":236,"column":null}},"65":{"start":{"line":231,"column":2},"end":{"line":231,"column":null}},"66":{"start":{"line":232,"column":2},"end":{"line":232,"column":null}},"67":{"start":{"line":233,"column":2},"end":{"line":235,"column":null}},"68":{"start":{"line":234,"column":4},"end":{"line":234,"column":null}},"69":{"start":{"line":234,"column":55},"end":{"line":234,"column":69}},"70":{"start":{"line":238,"column":31},"end":{"line":241,"column":null}},"71":{"start":{"line":239,"column":2},"end":{"line":239,"column":null}},"72":{"start":{"line":240,"column":2},"end":{"line":240,"column":null}},"73":{"start":{"line":243,"column":32},"end":{"line":248,"column":null}},"74":{"start":{"line":244,"column":2},"end":{"line":244,"column":null}},"75":{"start":{"line":245,"column":16},"end":{"line":245,"column":null}},"76":{"start":{"line":246,"column":24},"end":{"line":246,"column":null}},"77":{"start":{"line":247,"column":2},"end":{"line":247,"column":null}},"78":{"start":{"line":250,"column":29},"end":{"line":256,"column":null}},"79":{"start":{"line":251,"column":2},"end":{"line":251,"column":null}},"80":{"start":{"line":252,"column":2},"end":{"line":255,"column":null}},"81":{"start":{"line":253,"column":4},"end":{"line":253,"column":null}},"82":{"start":{"line":254,"column":4},"end":{"line":254,"column":null}},"83":{"start":{"line":258,"column":19},"end":{"line":264,"column":null}},"84":{"start":{"line":259,"column":2},"end":{"line":259,"column":null}},"85":{"start":{"line":260,"column":2},"end":{"line":260,"column":null}},"86":{"start":{"line":261,"column":2},"end":{"line":261,"column":null}},"87":{"start":{"line":262,"column":2},"end":{"line":262,"column":null}},"88":{"start":{"line":263,"column":2},"end":{"line":263,"column":null}},"89":{"start":{"line":266,"column":14},"end":{"line":268,"column":null}},"90":{"start":{"line":267,"column":2},"end":{"line":267,"column":null}},"91":{"start":{"line":270,"column":13},"end":{"line":272,"column":null}},"92":{"start":{"line":271,"column":2},"end":{"line":271,"column":null}},"93":{"start":{"line":274,"column":15},"end":{"line":276,"column":null}},"94":{"start":{"line":275,"column":2},"end":{"line":275,"column":null}},"95":{"start":{"line":331,"column":0},"end":{"line":339,"column":null}},"96":{"start":{"line":47,"column":10},"end":{"line":47,"column":null}},"97":{"start":{"line":2,"column":2},"end":{"line":6,"column":null}},"98":{"start":{"line":23,"column":17},"end":{"line":22,"column":null}},"99":{"start":{"line":46,"column":17},"end":{"line":45,"column":null}},"100":{"start":{"line":52,"column":90},"end":{"line":52,"column":null}}},"fnMap":{"0":{"name":"(anonymous_2)","decl":{"start":{"line":113,"column":22},"end":{"line":113,"column":28}},"loc":{"start":{"line":113,"column":28},"end":{"line":113,"column":57}}},"1":{"name":"(anonymous_3)","decl":{"start":{"line":115,"column":28},"end":{"line":115,"column":34}},"loc":{"start":{"line":115,"column":34},"end":{"line":117,"column":1}}},"2":{"name":"(anonymous_4)","decl":{"start":{"line":119,"column":28},"end":{"line":119,"column":34}},"loc":{"start":{"line":119,"column":34},"end":{"line":121,"column":1}}},"3":{"name":"(anonymous_5)","decl":{"start":{"line":123,"column":29},"end":{"line":123,"column":35}},"loc":{"start":{"line":123,"column":35},"end":{"line":125,"column":1}}},"4":{"name":"(anonymous_6)","decl":{"start":{"line":127,"column":33},"end":{"line":127,"column":39}},"loc":{"start":{"line":127,"column":39},"end":{"line":136,"column":1}}},"5":{"name":"(anonymous_7)","decl":{"start":{"line":138,"column":32},"end":{"line":138,"column":38}},"loc":{"start":{"line":138,"column":38},"end":{"line":140,"column":1}}},"6":{"name":"(anonymous_8)","decl":{"start":{"line":142,"column":22},"end":{"line":142,"column":28}},"loc":{"start":{"line":142,"column":28},"end":{"line":144,"column":1}}},"7":{"name":"(anonymous_9)","decl":{"start":{"line":145,"column":26},"end":{"line":145,"column":32}},"loc":{"start":{"line":145,"column":32},"end":{"line":148,"column":1}}},"8":{"name":"(anonymous_10)","decl":{"start":{"line":150,"column":34},"end":{"line":150,"column":41}},"loc":{"start":{"line":150,"column":41},"end":{"line":150,"column":97}}},"9":{"name":"(anonymous_11)","decl":{"start":{"line":152,"column":28},"end":{"line":152,"column":34}},"loc":{"start":{"line":152,"column":34},"end":{"line":156,"column":null}}},"10":{"name":"(anonymous_12)","decl":{"start":{"line":158,"column":21},"end":{"line":158,"column":27}},"loc":{"start":{"line":158,"column":27},"end":{"line":160,"column":null}}},"11":{"name":"(anonymous_13)","decl":{"start":{"line":162,"column":21},"end":{"line":162,"column":27}},"loc":{"start":{"line":162,"column":27},"end":{"line":164,"column":null}}},"12":{"name":"(anonymous_14)","decl":{"start":{"line":201,"column":20},"end":{"line":201,"column":21}},"loc":{"start":{"line":201,"column":34},"end":{"line":218,"column":null}}},"13":{"name":"(anonymous_15)","decl":{"start":{"line":217,"column":11},"end":{"line":217,"column":17}},"loc":{"start":{"line":217,"column":17},"end":{"line":217,"column":38}}},"14":{"name":"(anonymous_16)","decl":{"start":{"line":220,"column":21},"end":{"line":220,"column":22}},"loc":{"start":{"line":220,"column":35},"end":{"line":223,"column":null}}},"15":{"name":"(anonymous_17)","decl":{"start":{"line":225,"column":20},"end":{"line":225,"column":21}},"loc":{"start":{"line":225,"column":34},"end":{"line":228,"column":null}}},"16":{"name":"(anonymous_18)","decl":{"start":{"line":230,"column":19},"end":{"line":230,"column":20}},"loc":{"start":{"line":230,"column":33},"end":{"line":236,"column":null}}},"17":{"name":"(anonymous_19)","decl":{"start":{"line":234,"column":46},"end":{"line":234,"column":47}},"loc":{"start":{"line":234,"column":55},"end":{"line":234,"column":69}}},"18":{"name":"(anonymous_20)","decl":{"start":{"line":238,"column":31},"end":{"line":238,"column":32}},"loc":{"start":{"line":238,"column":60},"end":{"line":241,"column":null}}},"19":{"name":"(anonymous_21)","decl":{"start":{"line":243,"column":32},"end":{"line":243,"column":33}},"loc":{"start":{"line":243,"column":61},"end":{"line":248,"column":null}}},"20":{"name":"(anonymous_22)","decl":{"start":{"line":250,"column":29},"end":{"line":250,"column":30}},"loc":{"start":{"line":250,"column":58},"end":{"line":256,"column":null}}},"21":{"name":"(anonymous_23)","decl":{"start":{"line":258,"column":19},"end":{"line":258,"column":25}},"loc":{"start":{"line":258,"column":25},"end":{"line":264,"column":null}}},"22":{"name":"(anonymous_24)","decl":{"start":{"line":266,"column":14},"end":{"line":266,"column":20}},"loc":{"start":{"line":266,"column":20},"end":{"line":268,"column":null}}},"23":{"name":"(anonymous_25)","decl":{"start":{"line":270,"column":13},"end":{"line":270,"column":19}},"loc":{"start":{"line":270,"column":19},"end":{"line":272,"column":null}}},"24":{"name":"(anonymous_26)","decl":{"start":{"line":274,"column":15},"end":{"line":274,"column":21}},"loc":{"start":{"line":274,"column":21},"end":{"line":276,"column":null}}},"25":{"name":"(anonymous_32)","decl":{"start":{"line":21,"column":10},"end":{"line":21,"column":null}},"loc":{"start":{"line":23,"column":17},"end":{"line":22,"column":null}}},"26":{"name":"(anonymous_33)","decl":{"start":{"line":44,"column":10},"end":{"line":44,"column":null}},"loc":{"start":{"line":46,"column":17},"end":{"line":45,"column":null}}},"27":{"name":"(anonymous_34)","decl":{"start":{"line":52,"column":88},"end":{"line":52,"column":90}},"loc":{"start":{"line":52,"column":90},"end":{"line":52,"column":null}}}},"branchMap":{"0":{"loc":{"start":{"line":113,"column":28},"end":{"line":113,"column":57}},"type":"binary-expr","locations":[{"start":{"line":113,"column":28},"end":{"line":113,"column":43}},{"start":{"line":113,"column":43},"end":{"line":113,"column":57}}]},"1":{"loc":{"start":{"line":120,"column":9},"end":{"line":120,"column":null}},"type":"binary-expr","locations":[{"start":{"line":120,"column":9},"end":{"line":120,"column":52}},{"start":{"line":120,"column":52},"end":{"line":120,"column":null}}]},"2":{"loc":{"start":{"line":124,"column":9},"end":{"line":124,"column":null}},"type":"binary-expr","locations":[{"start":{"line":124,"column":9},"end":{"line":124,"column":30}},{"start":{"line":124,"column":30},"end":{"line":124,"column":49}},{"start":{"line":124,"column":49},"end":{"line":124,"column":69}},{"start":{"line":124,"column":69},"end":{"line":124,"column":88}},{"start":{"line":124,"column":88},"end":{"line":124,"column":null}}]},"3":{"loc":{"start":{"line":128,"column":2},"end":{"line":134,"column":null}},"type":"if","locations":[{"start":{"line":128,"column":2},"end":{"line":134,"column":null}},{"start":{"line":128,"column":2},"end":{"line":134,"column":null}}]},"4":{"loc":{"start":{"line":129,"column":4},"end":{"line":133,"column":null}},"type":"if","locations":[{"start":{"line":129,"column":4},"end":{"line":133,"column":null}},{"start":{"line":131,"column":11},"end":{"line":133,"column":null}}]},"5":{"loc":{"start":{"line":139,"column":9},"end":{"line":139,"column":null}},"type":"binary-expr","locations":[{"start":{"line":139,"column":9},"end":{"line":139,"column":30}},{"start":{"line":139,"column":30},"end":{"line":139,"column":49}},{"start":{"line":139,"column":49},"end":{"line":139,"column":69}},{"start":{"line":139,"column":69},"end":{"line":139,"column":null}}]},"6":{"loc":{"start":{"line":143,"column":9},"end":{"line":143,"column":null}},"type":"cond-expr","locations":[{"start":{"line":143,"column":22},"end":{"line":143,"column":64}},{"start":{"line":143,"column":64},"end":{"line":143,"column":null}}]},"7":{"loc":{"start":{"line":150,"column":41},"end":{"line":150,"column":97}},"type":"cond-expr","locations":[{"start":{"line":150,"column":67},"end":{"line":150,"column":72}},{"start":{"line":150,"column":72},"end":{"line":150,"column":97}}]},"8":{"loc":{"start":{"line":154,"column":2},"end":{"line":154,"column":null}},"type":"if","locations":[{"start":{"line":154,"column":2},"end":{"line":154,"column":null}},{"start":{"line":154,"column":2},"end":{"line":154,"column":null}}]},"9":{"loc":{"start":{"line":154,"column":6},"end":{"line":154,"column":56}},"type":"binary-expr","locations":[{"start":{"line":154,"column":6},"end":{"line":154,"column":16}},{"start":{"line":154,"column":16},"end":{"line":154,"column":56}}]},"10":{"loc":{"start":{"line":203,"column":2},"end":{"line":206,"column":null}},"type":"if","locations":[{"start":{"line":203,"column":2},"end":{"line":206,"column":null}},{"start":{"line":203,"column":2},"end":{"line":206,"column":null}}]},"11":{"loc":{"start":{"line":204,"column":12},"end":{"line":204,"column":null}},"type":"cond-expr","locations":[{"start":{"line":204,"column":27},"end":{"line":204,"column":49}},{"start":{"line":204,"column":49},"end":{"line":204,"column":null}}]},"12":{"loc":{"start":{"line":207,"column":2},"end":{"line":207,"column":null}},"type":"if","locations":[{"start":{"line":207,"column":2},"end":{"line":207,"column":null}},{"start":{"line":207,"column":2},"end":{"line":207,"column":null}}]},"13":{"loc":{"start":{"line":211,"column":2},"end":{"line":214,"column":null}},"type":"if","locations":[{"start":{"line":211,"column":2},"end":{"line":214,"column":null}},{"start":{"line":211,"column":2},"end":{"line":214,"column":null}}]},"14":{"loc":{"start":{"line":233,"column":2},"end":{"line":235,"column":null}},"type":"if","locations":[{"start":{"line":233,"column":2},"end":{"line":235,"column":null}},{"start":{"line":233,"column":2},"end":{"line":235,"column":null}}]},"15":{"loc":{"start":{"line":246,"column":24},"end":{"line":246,"column":null}},"type":"binary-expr","locations":[{"start":{"line":246,"column":24},"end":{"line":246,"column":49}},{"start":{"line":246,"column":49},"end":{"line":246,"column":null}}]},"16":{"loc":{"start":{"line":252,"column":2},"end":{"line":255,"column":null}},"type":"if","locations":[{"start":{"line":252,"column":2},"end":{"line":255,"column":null}},{"start":{"line":252,"column":2},"end":{"line":255,"column":null}}]},"17":{"loc":{"start":{"line":8,"column":20},"end":{"line":72,"column":null}},"type":"cond-expr","locations":[{"start":{"line":8,"column":30},"end":{"line":61,"column":null}},{"start":{"line":61,"column":6},"end":{"line":72,"column":null}}]},"18":{"loc":{"start":{"line":9,"column":17},"end":{"line":10,"column":null}},"type":"cond-expr","locations":[{"start":{"line":9,"column":23},"end":{"line":10,"column":null}},{"start":{"line":10,"column":36},"end":{"line":10,"column":null}}]},"19":{"loc":{"start":{"line":52,"column":88},"end":{"line":52,"column":null}},"type":"binary-expr","locations":[{"start":{"line":52,"column":88},"end":{"line":52,"column":90}},{"start":{"line":52,"column":88},"end":{"line":52,"column":null}}]},"20":{"loc":{"start":{"line":53,"column":26},"end":{"line":53,"column":62}},"type":"cond-expr","locations":[{"start":{"line":53,"column":40},"end":{"line":53,"column":50}},{"start":{"line":53,"column":50},"end":{"line":53,"column":62}}]},"21":{"loc":{"start":{"line":56,"column":17},"end":{"line":57,"column":null}},"type":"cond-expr","locations":[{"start":{"line":56,"column":23},"end":{"line":57,"column":null}},{"start":{"line":57,"column":35},"end":{"line":57,"column":null}}]}},"s":{"0":2,"1":2,"2":2,"3":2,"4":2,"5":2,"6":2,"7":2,"8":2,"9":2,"10":2,"11":2,"12":2,"13":0,"14":2,"15":2,"16":2,"17":2,"18":2,"19":2,"20":2,"21":2,"22":0,"23":0,"24":0,"25":2,"26":2,"27":2,"28":2,"29":0,"30":2,"31":0,"32":0,"33":2,"34":0,"35":2,"36":0,"37":0,"38":0,"39":0,"40":2,"41":0,"42":2,"43":0,"44":2,"45":0,"46":0,"47":0,"48":0,"49":0,"50":0,"51":0,"52":0,"53":0,"54":0,"55":0,"56":0,"57":0,"58":2,"59":0,"60":0,"61":2,"62":0,"63":0,"64":2,"65":0,"66":0,"67":0,"68":0,"69":0,"70":2,"71":0,"72":0,"73":2,"74":0,"75":0,"76":0,"77":0,"78":2,"79":0,"80":0,"81":0,"82":0,"83":2,"84":0,"85":0,"86":0,"87":0,"88":0,"89":2,"90":0,"91":2,"92":0,"93":2,"94":0,"95":2,"96":2,"97":2,"98":2,"99":2,"100":0},"f":{"0":0,"1":2,"2":2,"3":2,"4":2,"5":2,"6":0,"7":0,"8":0,"9":0,"10":0,"11":0,"12":0,"13":0,"14":0,"15":0,"16":0,"17":0,"18":0,"19":0,"20":0,"21":0,"22":0,"23":0,"24":0,"25":2,"26":2,"27":0},"b":{"0":[0,0],"1":[2,2],"2":[2,2,2,0,0],"3":[0,2],"4":[0,0],"5":[2,2,2,0],"6":[0,0],"7":[0,0],"8":[0,0],"9":[0,0],"10":[0,0],"11":[0,0],"12":[0,0],"13":[0,0],"14":[0,0],"15":[0,0],"16":[0,0],"17":[2,0],"18":[0,2],"19":[0,0],"20":[0,0],"21":[0,2]}}
,"D:/projects/vue-components-ui/packages/components/Layout/col.ts": {"path":"D:/projects/vue-components-ui/packages/components/Layout/col.ts","statementMap":{"0":{"start":{"line":11,"column":24},"end":{"line":33,"column":null}}},"fnMap":{},"branchMap":{},"s":{"0":1},"f":{},"b":{}}
,"D:/projects/vue-components-ui/packages/components/Layout/col.vue": {"path":"D:/projects/vue-components-ui/packages/components/Layout/col.vue","statementMap":{"0":{"start":{"line":14,"column":12},"end":{"line":14,"column":null}},"1":{"start":{"line":16,"column":11},"end":{"line":28,"column":null}},"2":{"start":{"line":17,"column":2},"end":{"line":17,"column":null}},"3":{"start":{"line":18,"column":2},"end":{"line":27,"column":null}},"4":{"start":{"line":19,"column":4},"end":{"line":19,"column":null}},"5":{"start":{"line":21,"column":4},"end":{"line":26,"column":null}},"6":{"start":{"line":30,"column":17},"end":{"line":36,"column":null}},"7":{"start":{"line":45,"column":14},"end":{"line":52,"column":null}},"8":{"start":{"line":46,"column":19},"end":{"line":46,"column":null}},"9":{"start":{"line":47,"column":2},"end":{"line":49,"column":null}},"10":{"start":{"line":48,"column":4},"end":{"line":48,"column":null}},"11":{"start":{"line":50,"column":25},"end":{"line":50,"column":null}},"12":{"start":{"line":51,"column":2},"end":{"line":51,"column":null}}},"fnMap":{"0":{"name":"(anonymous_2)","decl":{"start":{"line":16,"column":11},"end":{"line":16,"column":12}},"loc":{"start":{"line":16,"column":74},"end":{"line":28,"column":null}}},"1":{"name":"(anonymous_3)","decl":{"start":{"line":45,"column":23},"end":{"line":45,"column":29}},"loc":{"start":{"line":45,"column":29},"end":{"line":52,"column":1}}}},"branchMap":{"0":{"loc":{"start":{"line":18,"column":2},"end":{"line":27,"column":null}},"type":"if","locations":[{"start":{"line":18,"column":2},"end":{"line":27,"column":null}},{"start":{"line":20,"column":9},"end":{"line":27,"column":null}}]},"1":{"loc":{"start":{"line":25,"column":12},"end":{"line":25,"column":null}},"type":"binary-expr","locations":[{"start":{"line":25,"column":12},"end":{"line":25,"column":29}},{"start":{"line":25,"column":29},"end":{"line":25,"column":null}}]},"2":{"loc":{"start":{"line":47,"column":2},"end":{"line":49,"column":null}},"type":"if","locations":[{"start":{"line":47,"column":2},"end":{"line":49,"column":null}},{"start":{"line":47,"column":2},"end":{"line":49,"column":null}}]}},"s":{"0":0,"1":0,"2":0,"3":0,"4":0,"5":0,"6":0,"7":0,"8":0,"9":0,"10":0,"11":0,"12":0},"f":{"0":0,"1":0},"b":{"0":[0,0],"1":[0,0],"2":[0,0]}}
,"D:/projects/vue-components-ui/packages/components/Layout/row.ts": {"path":"D:/projects/vue-components-ui/packages/components/Layout/row.ts","statementMap":{"0":{"start":{"line":9,"column":24},"end":{"line":22,"column":null}},"1":{"start":{"line":27,"column":55},"end":{"line":27,"column":null}}},"fnMap":{},"branchMap":{},"s":{"0":1,"1":1},"f":{},"b":{}}
,"D:/projects/vue-components-ui/packages/components/Layout/row.vue": {"path":"D:/projects/vue-components-ui/packages/components/Layout/row.vue","statementMap":{"0":{"start":{"line":12,"column":0},"end":{"line":12,"column":null}},"1":{"start":{"line":13,"column":12},"end":{"line":15,"column":null}},"2":{"start":{"line":16,"column":0},"end":{"line":16,"column":null}}},"fnMap":{},"branchMap":{},"s":{"0":1,"1":1,"2":1},"f":{},"b":{}}
,"D:/projects/vue-components-ui/packages/components/Link/zLink.ts": {"path":"D:/projects/vue-components-ui/packages/components/Link/zLink.ts","statementMap":{"0":{"start":{"line":4,"column":25},"end":{"line":22,"column":null}}},"fnMap":{},"branchMap":{},"s":{"0":1},"f":{},"b":{}}
,"D:/projects/vue-components-ui/packages/components/Link/zLink.vue": {"path":"D:/projects/vue-components-ui/packages/components/Link/zLink.vue","statementMap":{"0":{"start":{"line":22,"column":14},"end":{"line":22,"column":null}},"1":{"start":{"line":23,"column":14},"end":{"line":23,"column":null}},"2":{"start":{"line":25,"column":18},"end":{"line":25,"column":null}},"3":{"start":{"line":27,"column":17},"end":{"line":29,"column":null}},"4":{"start":{"line":28,"column":2},"end":{"line":28,"column":null}},"5":{"start":{"line":31,"column":18},"end":{"line":33,"column":null}},"6":{"start":{"line":32,"column":2},"end":{"line":32,"column":null}}},"fnMap":{"0":{"name":"(anonymous_1)","decl":{"start":{"line":27,"column":26},"end":{"line":27,"column":32}},"loc":{"start":{"line":27,"column":32},"end":{"line":29,"column":1}}},"1":{"name":"(anonymous_2)","decl":{"start":{"line":31,"column":27},"end":{"line":31,"column":33}},"loc":{"start":{"line":31,"column":33},"end":{"line":33,"column":1}}}},"branchMap":{"0":{"loc":{"start":{"line":28,"column":9},"end":{"line":28,"column":null}},"type":"cond-expr","locations":[{"start":{"line":28,"column":26},"end":{"line":28,"column":38}},{"start":{"line":28,"column":38},"end":{"line":28,"column":null}}]},"1":{"loc":{"start":{"line":32,"column":67},"end":{"line":32,"column":118}},"type":"cond-expr","locations":[{"start":{"line":32,"column":84},"end":{"line":32,"column":116}},{"start":{"line":32,"column":116},"end":{"line":32,"column":118}}]},"2":{"loc":{"start":{"line":4,"column":18},"end":{"line":8,"column":null}},"type":"cond-expr","locations":[{"start":{"line":4,"column":24},"end":{"line":7,"column":null}},{"start":{"line":7,"column":6},"end":{"line":8,"column":null}}]}},"s":{"0":4,"1":4,"2":4,"3":4,"4":4,"5":4,"6":4},"f":{"0":4,"1":4},"b":{"0":[1,3],"1":[1,3],"2":[0,4]}}
,"D:/projects/vue-components-ui/packages/components/types-util/size.ts": {"path":"D:/projects/vue-components-ui/packages/components/types-util/size.ts","statementMap":{"0":{"start":{"line":3,"column":32},"end":{"line":7,"column":null}}},"fnMap":{},"branchMap":{},"s":{"0":4},"f":{},"b":{}}
,"D:/projects/vue-components-ui/packages/utils/bem.ts": {"path":"D:/projects/vue-components-ui/packages/utils/bem.ts","statementMap":{"0":{"start":{"line":4,"column":2},"end":{"line":4,"column":null}},"1":{"start":{"line":4,"column":40},"end":{"line":4,"column":55}},"2":{"start":{"line":8,"column":2},"end":{"line":23,"column":null}},"3":{"start":{"line":10,"column":21},"end":{"line":10,"column":null}},"4":{"start":{"line":11,"column":22},"end":{"line":11,"column":null}},"5":{"start":{"line":12,"column":6},"end":{"line":12,"column":null}},"6":{"start":{"line":15,"column":22},"end":{"line":15,"column":null}},"7":{"start":{"line":16,"column":6},"end":{"line":16,"column":null}},"8":{"start":{"line":19,"column":19},"end":{"line":19,"column":null}},"9":{"start":{"line":19,"column":42},"end":{"line":19,"column":56}},"10":{"start":{"line":20,"column":6},"end":{"line":20,"column":null}},"11":{"start":{"line":20,"column":30},"end":{"line":20,"column":null}},"12":{"start":{"line":21,"column":6},"end":{"line":21,"column":null}}},"fnMap":{"0":{"name":"join","decl":{"start":{"line":3,"column":9},"end":{"line":3,"column":14}},"loc":{"start":{"line":3,"column":31},"end":{"line":5,"column":null}}},"1":{"name":"(anonymous_1)","decl":{"start":{"line":4,"column":18},"end":{"line":4,"column":19}},"loc":{"start":{"line":4,"column":40},"end":{"line":4,"column":55}}},"2":{"name":"nameSpace","decl":{"start":{"line":7,"column":9},"end":{"line":7,"column":21}},"loc":{"start":{"line":7,"column":21},"end":{"line":24,"column":null}}},"3":{"name":"(anonymous_3)","decl":{"start":{"line":9,"column":4},"end":{"line":9,"column":12}},"loc":{"start":{"line":9,"column":58},"end":{"line":13,"column":null}}},"4":{"name":"(anonymous_4)","decl":{"start":{"line":14,"column":4},"end":{"line":14,"column":16}},"loc":{"start":{"line":14,"column":41},"end":{"line":17,"column":null}}},"5":{"name":"(anonymous_5)","decl":{"start":{"line":18,"column":4},"end":{"line":18,"column":7}},"loc":{"start":{"line":18,"column":49},"end":{"line":22,"column":null}}},"6":{"name":"(anonymous_6)","decl":{"start":{"line":19,"column":31},"end":{"line":19,"column":32}},"loc":{"start":{"line":19,"column":42},"end":{"line":19,"column":56}}}},"branchMap":{"0":{"loc":{"start":{"line":20,"column":6},"end":{"line":20,"column":null}},"type":"if","locations":[{"start":{"line":20,"column":6},"end":{"line":20,"column":null}},{"start":{"line":20,"column":6},"end":{"line":20,"column":null}}]},"1":{"loc":{"start":{"line":21,"column":13},"end":{"line":21,"column":null}},"type":"cond-expr","locations":[{"start":{"line":21,"column":37},"end":{"line":21,"column":51}},{"start":{"line":21,"column":51},"end":{"line":21,"column":null}}]},"2":{"loc":{"start":{"line":21,"column":13},"end":{"line":21,"column":37}},"type":"binary-expr","locations":[{"start":{"line":21,"column":13},"end":{"line":21,"column":28}},{"start":{"line":21,"column":28},"end":{"line":21,"column":37}}]}},"s":{"0":0,"1":0,"2":11,"3":0,"4":0,"5":0,"6":0,"7":0,"8":12,"9":12,"10":12,"11":0,"12":12},"f":{"0":0,"1":0,"2":11,"3":0,"4":0,"5":12,"6":12},"b":{"0":[0,12],"1":[1,11],"2":[12,12]}}
,"D:/projects/vue-components-ui/packages/utils/i18n.ts": {"path":"D:/projects/vue-components-ui/packages/utils/i18n.ts","statementMap":{"0":{"start":{"line":1,"column":24},"end":{"line":1,"column":null}},"1":{"start":{"line":1,"column":42},"end":{"line":1,"column":null}}},"fnMap":{"0":{"name":"(anonymous_0)","decl":{"start":{"line":1,"column":24},"end":{"line":1,"column":25}},"loc":{"start":{"line":1,"column":42},"end":{"line":1,"column":null}}}},"branchMap":{},"s":{"0":2,"1":0},"f":{"0":0},"b":{}}
,"D:/projects/vue-components-ui/packages/utils/usePathToObject.ts": {"path":"D:/projects/vue-components-ui/packages/utils/usePathToObject.ts","statementMap":{"0":{"start":{"line":4,"column":2},"end":{"line":30,"column":null}},"1":{"start":{"line":7,"column":6},"end":{"line":9,"column":null}},"2":{"start":{"line":8,"column":8},"end":{"line":8,"column":null}},"3":{"start":{"line":10,"column":22},"end":{"line":10,"column":null}},"4":{"start":{"line":11,"column":19},"end":{"line":11,"column":null}},"5":{"start":{"line":12,"column":6},"end":{"line":15,"column":null}},"6":{"start":{"line":13,"column":8},"end":{"line":13,"column":null}},"7":{"start":{"line":14,"column":8},"end":{"line":14,"column":null}},"8":{"start":{"line":16,"column":6},"end":{"line":16,"column":null}},"9":{"start":{"line":19,"column":22},"end":{"line":19,"column":null}},"10":{"start":{"line":20,"column":31},"end":{"line":20,"column":null}},"11":{"start":{"line":21,"column":22},"end":{"line":21,"column":null}},"12":{"start":{"line":22,"column":6},"end":{"line":27,"column":null}},"13":{"start":{"line":23,"column":8},"end":{"line":25,"column":null}},"14":{"start":{"line":24,"column":10},"end":{"line":24,"column":null}},"15":{"start":{"line":26,"column":8},"end":{"line":26,"column":null}},"16":{"start":{"line":28,"column":6},"end":{"line":28,"column":null}}},"fnMap":{"0":{"name":"usePathToObject","decl":{"start":{"line":3,"column":16},"end":{"line":3,"column":34}},"loc":{"start":{"line":3,"column":34},"end":{"line":31,"column":null}}},"1":{"name":"(anonymous_1)","decl":{"start":{"line":5,"column":4},"end":{"line":5,"column":19}},"loc":{"start":{"line":5,"column":46},"end":{"line":17,"column":null}}},"2":{"name":"(anonymous_2)","decl":{"start":{"line":18,"column":4},"end":{"line":18,"column":19}},"loc":{"start":{"line":18,"column":62},"end":{"line":29,"column":null}}}},"branchMap":{"0":{"loc":{"start":{"line":7,"column":6},"end":{"line":9,"column":null}},"type":"if","locations":[{"start":{"line":7,"column":6},"end":{"line":9,"column":null}},{"start":{"line":7,"column":6},"end":{"line":9,"column":null}}]},"1":{"loc":{"start":{"line":10,"column":22},"end":{"line":10,"column":null}},"type":"cond-expr","locations":[{"start":{"line":10,"column":49},"end":{"line":10,"column":67}},{"start":{"line":10,"column":67},"end":{"line":10,"column":null}}]},"2":{"loc":{"start":{"line":19,"column":22},"end":{"line":19,"column":null}},"type":"cond-expr","locations":[{"start":{"line":19,"column":49},"end":{"line":19,"column":67}},{"start":{"line":19,"column":67},"end":{"line":19,"column":null}}]},"3":{"loc":{"start":{"line":23,"column":8},"end":{"line":25,"column":null}},"type":"if","locations":[{"start":{"line":23,"column":8},"end":{"line":25,"column":null}},{"start":{"line":23,"column":8},"end":{"line":25,"column":null}}]}},"s":{"0":2,"1":2,"2":2,"3":0,"4":0,"5":0,"6":0,"7":0,"8":0,"9":0,"10":0,"11":0,"12":0,"13":0,"14":0,"15":0,"16":0},"f":{"0":2,"1":2,"2":0},"b":{"0":[2,0],"1":[0,0],"2":[0,0],"3":[0,0]}}
,"D:/projects/vue-components-ui/packages/utils/utilFn.ts": {"path":"D:/projects/vue-components-ui/packages/utils/utilFn.ts","statementMap":{"0":{"start":{"line":2,"column":2},"end":{"line":2,"column":null}}},"fnMap":{"0":{"name":"isFunction","decl":{"start":{"line":1,"column":16},"end":{"line":1,"column":27}},"loc":{"start":{"line":1,"column":49},"end":{"line":3,"column":null}}}},"branchMap":{},"s":{"0":0},"f":{"0":0},"b":{}}
,"D:/projects/vue-components-ui/packages/utils/warn.ts": {"path":"D:/projects/vue-components-ui/packages/utils/warn.ts","statementMap":{"0":{"start":{"line":3,"column":4},"end":{"line":3,"column":null}},"1":{"start":{"line":4,"column":4},"end":{"line":4,"column":null}},"2":{"start":{"line":11,"column":2},"end":{"line":15,"column":null}},"3":{"start":{"line":12,"column":25},"end":{"line":12,"column":null}},"4":{"start":{"line":14,"column":4},"end":{"line":14,"column":null}}},"fnMap":{"0":{"name":"(anonymous_0)","decl":{"start":{"line":2,"column":2},"end":{"line":2,"column":14}},"loc":{"start":{"line":2,"column":25},"end":{"line":5,"column":null}}},"1":{"name":"debugWarn","decl":{"start":{"line":10,"column":16},"end":{"line":10,"column":26}},"loc":{"start":{"line":10,"column":73},"end":{"line":16,"column":null}}}},"branchMap":{"0":{"loc":{"start":{"line":11,"column":2},"end":{"line":15,"column":null}},"type":"if","locations":[{"start":{"line":11,"column":2},"end":{"line":15,"column":null}},{"start":{"line":11,"column":2},"end":{"line":15,"column":null}}]},"1":{"loc":{"start":{"line":12,"column":25},"end":{"line":12,"column":null}},"type":"cond-expr","locations":[{"start":{"line":12,"column":53},"end":{"line":12,"column":93}},{"start":{"line":12,"column":93},"end":{"line":12,"column":null}}]}},"s":{"0":0,"1":0,"2":0,"3":0,"4":0},"f":{"0":0,"1":0},"b":{"0":[0,0],"1":[0,0]}}
}
